<?xml version="1.0" encoding="utf-8"?><testsuites><testsuite name="pytest" errors="0" failures="0" skipped="0" tests="4" time="0.049" timestamp="2021-05-09T13:52:43.512016" hostname="SILTP-1008.local"><testcase classname="test.test_main" name="test_add" time="0.001" /><testcase classname="test.test_main" name="test_to_sentence" time="0.001" /><testcase classname="test.temp.test_main2" name="test_sub" time="0.000" /><testcase classname="test.temp.test_main2" name="test_word_count" time="0.000" /></testsuite></testsuites>